<?xml version="1.0" encoding="UTF-8"?>
<!-- Generated by org.testng.reporters.JUnitReportReporter -->
<testsuite skipped="0" hostname="dell" name="com.orangeHRM.TestNG_WelcomeAdmin_PageElements" tests="4" failures="0" timestamp="30 Mar 2019 14:44:46 GMT" time="15.294" errors="0">
  <testcase name="TestCase03_testAuthenticationSuccessChangePasswordMenuPresent" time="0.026" classname="com.orangeHRM.TestNG_WelcomeAdmin_PageElements"/>
  <testcase name="TestCase04_testAuthenticationSuccessLogoutMenuPresent" time="0.044" classname="com.orangeHRM.TestNG_WelcomeAdmin_PageElements"/>
  <testcase name="TestCase02_testAuthenticationSuccessAboutMenuPresent" time="3.083" classname="com.orangeHRM.TestNG_WelcomeAdmin_PageElements"/>
  <testcase name="TestCase01_testAuthenticationSuccessWelcomeAdminLinkPresent" time="12.141" classname="com.orangeHRM.TestNG_WelcomeAdmin_PageElements"/>
</testsuite> <!-- com.orangeHRM.TestNG_WelcomeAdmin_PageElements -->
