<?xml version="1.0" encoding="UTF-8"?>
<!-- Generated by org.testng.reporters.JUnitReportReporter -->
<testsuite skipped="0" hostname="dell" name="com.orangeHRM.TestNG_ChangePassword" tests="8" failures="0" timestamp="30 Mar 2019 14:44:46 GMT" time="18.064" errors="0">
  <testcase name="TestCase07_testAuthenticationSuccessTexBoxesMinLength" time="0.086" classname="com.orangeHRM.TestNG_ChangePassword"/>
  <testcase name="TestCase10_testAuthenticationSuccessFormContent" time="0.021" classname="com.orangeHRM.TestNG_ChangePassword"/>
  <testcase name="TestCase06_testAuthenticationSuccessTexBoxesMaxLength" time="0.085" classname="com.orangeHRM.TestNG_ChangePassword"/>
  <testcase name="TestCase09_testAuthenticationSuccessFooterContent" time="0.053" classname="com.orangeHRM.TestNG_ChangePassword"/>
  <testcase name="TestCase08_testAuthenticationSuccessRedirectionOrangeHRMLink" time="5.255" classname="com.orangeHRM.TestNG_ChangePassword"/>
  <testcase name="TestCase03_testAuthenticationSuccessEditCancelButtonsVisibleDefault" time="5.197" classname="com.orangeHRM.TestNG_ChangePassword"/>
  <testcase name="TestCase02_testAuthenticationSuccessFormLabelsVisible" time="0.149" classname="com.orangeHRM.TestNG_ChangePassword"/>
  <testcase name="TestCase01_testAuthenticationSuccessPageRedirectionChangePassword" time="7.218" classname="com.orangeHRM.TestNG_ChangePassword"/>
</testsuite> <!-- com.orangeHRM.TestNG_ChangePassword -->
