<?xml version="1.0" encoding="UTF-8"?>
<!-- Generated by org.testng.reporters.JUnitReportReporter -->
<testsuite skipped="0" hostname="dell" name="com.orangeHRM.TestNG_ChangePassword_PageElements" tests="8" failures="0" timestamp="30 Mar 2019 14:44:45 GMT" time="27.597" errors="0">
  <testcase name="TestCase03_testAuthenticationSuccessEditCancelButtonsVisibleDefault" time="5.323" classname="com.orangeHRM.TestNG_ChangePassword_PageElements"/>
  <testcase name="TestCase02_testAuthenticationSuccessFormLabelsVisible" time="0.086" classname="com.orangeHRM.TestNG_ChangePassword_PageElements"/>
  <testcase name="TestCase08_testAuthenticationSuccessRedirectionOrangeHRMLink" time="5.203" classname="com.orangeHRM.TestNG_ChangePassword_PageElements"/>
  <testcase name="TestCase06_testAuthenticationSuccessTexBoxesMaxLength" time="0.129" classname="com.orangeHRM.TestNG_ChangePassword_PageElements"/>
  <testcase name="TestCase07_testAuthenticationSuccessTexBoxesMinLength" time="0.067" classname="com.orangeHRM.TestNG_ChangePassword_PageElements"/>
  <testcase name="TestCase10_testAuthenticationSuccessFormContent" time="0.025" classname="com.orangeHRM.TestNG_ChangePassword_PageElements"/>
  <testcase name="TestCase01_testAuthenticationSuccessPageRedirectionChangePassword" time="16.703" classname="com.orangeHRM.TestNG_ChangePassword_PageElements"/>
  <testcase name="TestCase09_testAuthenticationSuccessFooterContent" time="0.061" classname="com.orangeHRM.TestNG_ChangePassword_PageElements"/>
</testsuite> <!-- com.orangeHRM.TestNG_ChangePassword_PageElements -->
