<?xml version="1.0" encoding="UTF-8"?>
<!-- Generated by org.testng.reporters.JUnitReportReporter -->
<testsuite skipped="0" hostname="dell" name="com.orangeHRM.TestNG_login" tests="26" failures="0" timestamp="30 Mar 2019 14:44:46 GMT" time="196.280" errors="0">
  <testcase name="TestCase11_testAuthenticationSuccessFacebookSocialsRedirection" time="30.389" classname="com.orangeHRM.TestNG_login"/>
  <testcase name="TestCase01_testAuthenticationSuccessWhenProvidingCorrectUsernameAndPassword" time="9.330" classname="com.orangeHRM.TestNG_login"/>
  <testcase name="TestCase03_testAuthenticationFailedWhenProvidingIncorrectUsername" time="4.898" classname="com.orangeHRM.TestNG_login"/>
  <testcase name="TestCase19_testAuthenticationSuccessLoginTextboxesInputs" time="5.718" classname="com.orangeHRM.TestNG_login"/>
  <testcase name="TestCase05_testAuthenticationFailedWhenProvidingIncorrectUsernameAndPassword" time="4.367" classname="com.orangeHRM.TestNG_login"/>
  <testcase name="TestCase18_testAuthenticationSuccessPlacholders" time="0.125" classname="com.orangeHRM.TestNG_login"/>
  <testcase name="TestCase14_testAuthenticationSuccessOpenIdVisible" time="0.039" classname="com.orangeHRM.TestNG_login"/>
  <testcase name="TestCase19_testAuthenticationSuccessLoginTextboxesInputs" time="5.793" classname="com.orangeHRM.TestNG_login"/>
  <testcase name="TestCase06_testAuthenticationFailedEmptyUsername" time="3.895" classname="com.orangeHRM.TestNG_login"/>
  <testcase name="TestCase10_testAuthenticationSuccessLinkedInSocialsRedirection" time="26.748" classname="com.orangeHRM.TestNG_login"/>
  <testcase name="TestCase19_testAuthenticationSuccessLoginTextboxesInputs" time="5.827" classname="com.orangeHRM.TestNG_login"/>
  <testcase name="TestCase16_testAuthenticationSuccessLoginButtonsEnabled" time="0.062" classname="com.orangeHRM.TestNG_login"/>
  <testcase name="TestCase02_testAuthenticationSuccessDashboardRedirection" time="8.943" classname="com.orangeHRM.TestNG_login"/>
  <testcase name="TestCase17_testAuthenticationSuccessProviderdropdown" time="5.915" classname="com.orangeHRM.TestNG_login"/>
  <testcase name="TestCase04_testAuthenticationFailedWhenProvidingIncorrectPassword" time="5.083" classname="com.orangeHRM.TestNG_login"/>
  <testcase name="TestCase19_testAuthenticationSuccessLoginTextboxesInputs" time="6.007" classname="com.orangeHRM.TestNG_login"/>
  <testcase name="TestCase19_testAuthenticationSuccessLoginTextboxesInputs" time="5.628" classname="com.orangeHRM.TestNG_login"/>
  <testcase name="TestCase12_testAuthenticationSuccessTwitterSocialsRedirection" time="17.552" classname="com.orangeHRM.TestNG_login"/>
  <testcase name="TestCase13_testAuthenticationSuccessYoutubeSocialsRedirection" time="18.257" classname="com.orangeHRM.TestNG_login"/>
  <testcase name="TestCase19_testAuthenticationSuccessLoginTextboxesInputs" time="5.842" classname="com.orangeHRM.TestNG_login"/>
  <testcase name="TestCase19_testAuthenticationSuccessLoginTextboxesInputs" time="5.956" classname="com.orangeHRM.TestNG_login"/>
  <testcase name="TestCase07_testAuthenticationFailedEmptyUsernameAndPassword" time="3.718" classname="com.orangeHRM.TestNG_login"/>
  <testcase name="TestCase19_testAuthenticationSuccessLoginTextboxesInputs" time="5.795" classname="com.orangeHRM.TestNG_login"/>
  <testcase name="TestCase19_testAuthenticationSuccessLoginTextboxesInputs" time="5.980" classname="com.orangeHRM.TestNG_login"/>
  <testcase name="TestCase08_testAuthenticationFailedEmptyPassword" time="4.339" classname="com.orangeHRM.TestNG_login"/>
  <testcase name="TestCase15_testAuthenticationSuccessLoginButtonsVisible" time="0.074" classname="com.orangeHRM.TestNG_login"/>
</testsuite> <!-- com.orangeHRM.TestNG_login -->
