<?xml version="1.0" encoding="UTF-8"?>
<!-- Generated by org.testng.reporters.JUnitReportReporter -->
<testsuite skipped="0" hostname="dell" name="com.orangeHRM.TestNG_AboutUs_PageElements" tests="2" failures="0" timestamp="30 Mar 2019 14:44:46 GMT" time="37.173" errors="0">
  <testcase name="TestCase01_testAuthenticationSuccessAboutMenuPopUpPresent" time="37.040" classname="com.orangeHRM.TestNG_AboutUs_PageElements"/>
  <testcase name="TestCase02_testAuthenticationSuccessLabelPresent" time="0.133" classname="com.orangeHRM.TestNG_AboutUs_PageElements"/>
</testsuite> <!-- com.orangeHRM.TestNG_AboutUs_PageElements -->
