<?xml version="1.0" encoding="UTF-8"?>
<!-- Generated by org.testng.reporters.JUnitReportReporter -->
<testsuite skipped="0" hostname="dell" name="com.orangeHRM.TestNG_About" tests="2" failures="0" timestamp="27 Mar 2019 02:43:03 GMT" time="8.512" errors="0">
  <testcase name="TestCase01_testAuthenticationSuccessAboutMenuPopUpPresent" time="8.396" classname="com.orangeHRM.TestNG_About"/>
  <testcase name="TestCase02_testAuthenticationSuccessLabelPresent" time="0.116" classname="com.orangeHRM.TestNG_About"/>
</testsuite> <!-- com.orangeHRM.TestNG_About -->
