<?xml version="1.0" encoding="UTF-8"?>
<!-- Generated by org.testng.reporters.JUnitReportReporter -->
<testsuite skipped="0" hostname="dell" name="com.orangeHRM.TestNG_ChangePassword" tests="8" failures="0" timestamp="27 Mar 2019 02:44:57 GMT" time="4.546" errors="0">
  <testcase name="TestCase09_testAuthenticationSuccessFooterContent" time="0.116" classname="com.orangeHRM.TestNG_ChangePassword"/>
  <testcase name="TestCase02_testAuthenticationSuccessFormLabelsVisible" time="0.109" classname="com.orangeHRM.TestNG_ChangePassword"/>
  <testcase name="TestCase06_testAuthenticationSuccessTexBoxesMaxLength" time="0.082" classname="com.orangeHRM.TestNG_ChangePassword"/>
  <testcase name="TestCase08_testAuthenticationSuccessRedirectionOrangeHRMLink" time="0.292" classname="com.orangeHRM.TestNG_ChangePassword"/>
  <testcase name="TestCase10_testAuthenticationSuccessFormContent" time="0.052" classname="com.orangeHRM.TestNG_ChangePassword"/>
  <testcase name="TestCase01_testAuthenticationSuccessPageRedirectionChangePassword" time="3.602" classname="com.orangeHRM.TestNG_ChangePassword"/>
  <testcase name="TestCase07_testAuthenticationSuccessTexBoxesMinLength" time="0.105" classname="com.orangeHRM.TestNG_ChangePassword"/>
  <testcase name="TestCase03_testAuthenticationSuccessEditCancelButtonsVisibleDefault" time="0.188" classname="com.orangeHRM.TestNG_ChangePassword"/>
</testsuite> <!-- com.orangeHRM.TestNG_ChangePassword -->
