<?xml version="1.0" encoding="UTF-8"?>
<!-- Generated by org.testng.reporters.JUnitReportReporter -->
<testsuite skipped="0" hostname="dell" name="com.orangeHRM.TestNG_WelcomeAdmin" tests="4" failures="0" timestamp="24 Mar 2019 16:22:25 GMT" time="8.630" errors="0">
  <testcase name="TestCase04_testAuthenticationSuccessLogoutMenuPresent" time="0.052" classname="com.orangeHRM.TestNG_WelcomeAdmin"/>
  <testcase name="TestCase03_testAuthenticationSuccessChangePasswordMenuPresent" time="0.021" classname="com.orangeHRM.TestNG_WelcomeAdmin"/>
  <testcase name="TestCase01_testAuthenticationSuccessWelcomeAdminLinkPresent" time="5.522" classname="com.orangeHRM.TestNG_WelcomeAdmin"/>
  <testcase name="TestCase02_testAuthenticationSuccessAboutMenuPresent" time="3.035" classname="com.orangeHRM.TestNG_WelcomeAdmin"/>
</testsuite> <!-- com.orangeHRM.TestNG_WelcomeAdmin -->
